mkdir: cannot create directory ‘build’: File exists
-- CMAKE_PREFIX_PATH: /mnt/nfs/home/lpedroso/anaconda3
-- CMAKE_BINARY_DIR: /mnt/nfs/home/lpedroso/tudat-bundle/build
CMake Warning (dev) at CMakeLists.txt:23 (project):
  Policy CMP0048 is not set: project() command manages VERSION variables.
  Run "cmake --help-policy CMP0048" for policy details.  Use the cmake_policy
  command to set the policy and suppress this warning.

  The following variable(s) would be set to empty:

    CMAKE_PROJECT_VERSION
    CMAKE_PROJECT_VERSION_MAJOR
    CMAKE_PROJECT_VERSION_MINOR
    CMAKE_PROJECT_VERSION_PATCH
This warning is for project developers.  Use -Wno-dev to suppress it.

-- Using UNDOCUMENTED tudat
-- System name: Linux
-- ******************** BUILD CONFIGURATION ********************
-- TUDAT_BUILD_TESTS                                     0
-- TUDAT_BUILD_WITH_PROPAGATION_TESTS                    ON
-- TUDAT_BUILD_WITH_ESTIMATION_TOOLS                     OFF
-- TUDAT_BUILD_TUDAT_TUTORIALS                           ON
-- TUDAT_BUILD_STATIC_LIBRARY                            ON
-- TUDAT_BUILD_WITH_FILTERS                              OFF
-- TUDAT_BUILD_WITH_SOFA_INTERFACE                       ON
-- TUDAT_BUILD_WITH_JSON_INTERFACE                       OFF
-- TUDAT_BUILD_WITH_NRLMSISE00                           ON
-- TUDAT_BUILD_WITH_EXTENDED_PRECISION_PROPAGATION_TOOLS ON
-- TUDAT_DOWNLOAD_AND_BUILD_BOOST                        OFF
-- << Tudat (RelWithDebInfo - ) >>

*** COMPILER CONFIGURATION ***

-- CMAKE_C_COMPILER:   /usr/bin/cc
-- CMAKE_CXX_COMPILER: /usr/bin/c++
-- CMAKE_CXX_COMPILER_ID: GNU
-- CMAKE_CXX_SIMULATE_ID: 
-- CMAKE_CXX_COMPILER_VERSION: 9.4.0
-- CMAKE_CXX_COMPILER_VERSION 9.4.0
-- Using gnucxx compiler.
-- Building with flags: -Wall -std=c++1z -Wextra -Wno-unused-parameter -Wno-unused-variable -Woverloaded-virtual -Wold-style-cast -Wnon-virtual-dtor -Wunused-but-set-variable -Wsign-compare.
-- Required Boost libraries: filesystem;system;regex;date_time;thread;chrono;atomic;unit_test_framework;unit_test_framework
-- Detected Boost version: 107200
-- Boost include dirs: /mnt/nfs/home/lpedroso/anaconda3/envs/tudat-bundle/include
-- Checking for _GLIBCXX_USE_CXX11_ABI definition...
-- _GLIBCXX_USE_CXX11_ABI was not found.
/mnt/nfs/home/lpedroso/anaconda3/envs/tudat-bundle/lib/cmake/tudatresources/../../../include
-- NRLMSISE00::nrlmsise00
-- Extended precision propagation enabled!
Building Tudat tutorials.
-- LIB:BOOST:/mnt/nfs/home/lpedroso/anaconda3/envs/tudat-bundle/lib/libboost_filesystem.so/mnt/nfs/home/lpedroso/anaconda3/envs/tudat-bundle/lib/libboost_system.so/mnt/nfs/home/lpedroso/anaconda3/envs/tudat-bundle/lib/libboost_regex.so/mnt/nfs/home/lpedroso/anaconda3/envs/tudat-bundle/lib/libboost_date_time.so/mnt/nfs/home/lpedroso/anaconda3/envs/tudat-bundle/lib/libboost_thread.so-lpthread/mnt/nfs/home/lpedroso/anaconda3/envs/tudat-bundle/lib/libboost_chrono.so/mnt/nfs/home/lpedroso/anaconda3/envs/tudat-bundle/lib/libboost_atomic.so/mnt/nfs/home/lpedroso/anaconda3/envs/tudat-bundle/lib/libboost_unit_test_framework.so/mnt/nfs/home/lpedroso/anaconda3/envs/tudat-bundle/lib/libboost_unit_test_framework.so
-- TUDAT_DATA_DIR_RELATIVE_TO_INSTALL_PREFIX: data/tudat
-- Configuring done
-- Generating done
-- Build files have been written to: /mnt/nfs/home/lpedroso/tudat-bundle/build
make[1]: Entering directory '/mnt/nfs/home/lpedroso/tudat-bundle/build'
make[2]: Entering directory '/mnt/nfs/home/lpedroso/tudat-bundle/build'
make[3]: Entering directory '/mnt/nfs/home/lpedroso/tudat-bundle/build'
make[3]: Leaving directory '/mnt/nfs/home/lpedroso/tudat-bundle/build'
[  6%] Built target tudat_aerodynamics
make[3]: Entering directory '/mnt/nfs/home/lpedroso/tudat-bundle/build'
make[3]: Leaving directory '/mnt/nfs/home/lpedroso/tudat-bundle/build'
[ 13%] Built target tudat_basic_astrodynamics
make[3]: Entering directory '/mnt/nfs/home/lpedroso/tudat-bundle/build'
make[3]: Leaving directory '/mnt/nfs/home/lpedroso/tudat-bundle/build'
[ 16%] Built target tudat_earth_orientation
make[3]: Entering directory '/mnt/nfs/home/lpedroso/tudat-bundle/build'
make[3]: Leaving directory '/mnt/nfs/home/lpedroso/tudat-bundle/build'
[ 19%] Built target tudat_electromagnetism
make[3]: Entering directory '/mnt/nfs/home/lpedroso/tudat-bundle/build'
make[3]: Leaving directory '/mnt/nfs/home/lpedroso/tudat-bundle/build'
[ 25%] Built target tudat_ephemerides
make[3]: Entering directory '/mnt/nfs/home/lpedroso/tudat-bundle/build'
make[3]: Leaving directory '/mnt/nfs/home/lpedroso/tudat-bundle/build'
[ 31%] Built target tudat_gravitation
make[3]: Entering directory '/mnt/nfs/home/lpedroso/tudat-bundle/build'
make[3]: Leaving directory '/mnt/nfs/home/lpedroso/tudat-bundle/build'
[ 33%] Built target tudat_ground_stations
make[3]: Entering directory '/mnt/nfs/home/lpedroso/tudat-bundle/build'
make[3]: Leaving directory '/mnt/nfs/home/lpedroso/tudat-bundle/build'
[ 34%] Built target tudat_low_thrust_trajectories
make[3]: Entering directory '/mnt/nfs/home/lpedroso/tudat-bundle/build'
make[3]: Leaving directory '/mnt/nfs/home/lpedroso/tudat-bundle/build'
[ 38%] Built target tudat_shape_based_methods
make[3]: Entering directory '/mnt/nfs/home/lpedroso/tudat-bundle/build'
make[3]: Leaving directory '/mnt/nfs/home/lpedroso/tudat-bundle/build'
[ 44%] Built target tudat_mission_segments
make[3]: Entering directory '/mnt/nfs/home/lpedroso/tudat-bundle/build'
make[3]: Leaving directory '/mnt/nfs/home/lpedroso/tudat-bundle/build'
[ 51%] Built target tudat_propagators
make[3]: Entering directory '/mnt/nfs/home/lpedroso/tudat-bundle/build'
make[3]: Leaving directory '/mnt/nfs/home/lpedroso/tudat-bundle/build'
[ 53%] Built target tudat_propulsion
make[3]: Entering directory '/mnt/nfs/home/lpedroso/tudat-bundle/build'
make[3]: Leaving directory '/mnt/nfs/home/lpedroso/tudat-bundle/build'
[ 54%] Built target tudat_reference_frames
make[3]: Entering directory '/mnt/nfs/home/lpedroso/tudat-bundle/build'
make[3]: Leaving directory '/mnt/nfs/home/lpedroso/tudat-bundle/build'
[ 56%] Built target tudat_relativity
make[3]: Entering directory '/mnt/nfs/home/lpedroso/tudat-bundle/build'
make[3]: Leaving directory '/mnt/nfs/home/lpedroso/tudat-bundle/build'
[ 57%] Built target tudat_system_models
make[3]: Entering directory '/mnt/nfs/home/lpedroso/tudat-bundle/build'
make[3]: Leaving directory '/mnt/nfs/home/lpedroso/tudat-bundle/build'
[ 57%] Built target tudat_basics
make[3]: Entering directory '/mnt/nfs/home/lpedroso/tudat-bundle/build'
make[3]: Leaving directory '/mnt/nfs/home/lpedroso/tudat-bundle/build'
[ 58%] Built target tudat_spice_interface
make[3]: Entering directory '/mnt/nfs/home/lpedroso/tudat-bundle/build'
make[3]: Leaving directory '/mnt/nfs/home/lpedroso/tudat-bundle/build'
[ 59%] Built target tudat_sofa_interface
make[3]: Entering directory '/mnt/nfs/home/lpedroso/tudat-bundle/build'
make[3]: Leaving directory '/mnt/nfs/home/lpedroso/tudat-bundle/build'
[ 63%] Built target tudat_basic_mathematics
make[3]: Entering directory '/mnt/nfs/home/lpedroso/tudat-bundle/build'
make[3]: Leaving directory '/mnt/nfs/home/lpedroso/tudat-bundle/build'
[ 67%] Built target tudat_geometric_shapes
make[3]: Entering directory '/mnt/nfs/home/lpedroso/tudat-bundle/build'
make[3]: Leaving directory '/mnt/nfs/home/lpedroso/tudat-bundle/build'
[ 69%] Built target tudat_interpolators
make[3]: Entering directory '/mnt/nfs/home/lpedroso/tudat-bundle/build'
make[3]: Leaving directory '/mnt/nfs/home/lpedroso/tudat-bundle/build'
[ 72%] Built target tudat_numerical_integrators
make[3]: Entering directory '/mnt/nfs/home/lpedroso/tudat-bundle/build'
make[3]: Leaving directory '/mnt/nfs/home/lpedroso/tudat-bundle/build'
[ 73%] Built target tudat_root_finders
make[3]: Entering directory '/mnt/nfs/home/lpedroso/tudat-bundle/build'
make[3]: Leaving directory '/mnt/nfs/home/lpedroso/tudat-bundle/build'
[ 77%] Built target tudat_statistics
make[3]: Entering directory '/mnt/nfs/home/lpedroso/tudat-bundle/build'
make[3]: Leaving directory '/mnt/nfs/home/lpedroso/tudat-bundle/build'
[ 78%] Built target tudat_numerical_quadrature
make[3]: Entering directory '/mnt/nfs/home/lpedroso/tudat-bundle/build'
make[3]: Leaving directory '/mnt/nfs/home/lpedroso/tudat-bundle/build'
[ 84%] Built target tudat_environment_setup
make[3]: Entering directory '/mnt/nfs/home/lpedroso/tudat-bundle/build'
make[3]: Leaving directory '/mnt/nfs/home/lpedroso/tudat-bundle/build'
[ 91%] Built target tudat_propagation_setup
make[3]: Entering directory '/mnt/nfs/home/lpedroso/tudat-bundle/build'
make[3]: Leaving directory '/mnt/nfs/home/lpedroso/tudat-bundle/build'
[ 99%] Built target tudat_input_output
make[3]: Entering directory '/mnt/nfs/home/lpedroso/tudat-bundle/build'
make[3]: Leaving directory '/mnt/nfs/home/lpedroso/tudat-bundle/build'
[100%] Built target tudat_data
make[3]: Entering directory '/mnt/nfs/home/lpedroso/tudat-bundle/build'
Scanning dependencies of target tudat-app
make[3]: Leaving directory '/mnt/nfs/home/lpedroso/tudat-bundle/build'
make[3]: Entering directory '/mnt/nfs/home/lpedroso/tudat-bundle/build'
[100%] Building CXX object tudat/tudat-applications/tudat-app/CMakeFiles/tudat-app.dir/tudat-app.cpp.o
In file included from /mnt/nfs/home/lpedroso/tudat-bundle/tudat/tudat-applications/tudat-app/tudat-app.cpp:28:
/mnt/nfs/home/lpedroso/tudat-bundle/tudat/tudat-applications/tudat-app/tudatMatlabThrustFeedback.h: In constructor ‘tudatThrustFeedbackMatlab::tudatThrustFeedbackMatlab(unsigned int, unsigned int, double, int, double, double)’:
/mnt/nfs/home/lpedroso/tudat-bundle/tudat/tudat-applications/tudat-app/tudatMatlabThrustFeedback.h:41:90: warning: use of old-style cast to ‘int’ [-Wold-style-cast]
   41 |         this->endTimeInstant_ = (int) (simulationEndEpoch_/epochControlUpdatePeriod + 0.5);
      |                                                                                          ^
      |                                 -----
      |                                 static_cast<int> (                                        )
/mnt/nfs/home/lpedroso/tudat-bundle/tudat/tudat-applications/tudat-app/tudatMatlabThrustFeedback.h:42:101: warning: use of old-style cast to ‘int’ [-Wold-style-cast]
   42 |         this->evaluationsPerUpdatePeriod_ = (int) (evaluationsPerUpdatePeriod*numberOfSatellites+0.5);
      |                                                                                                     ^
      |                                             -----
      |                                             static_cast<int> (                                       )
/mnt/nfs/home/lpedroso/tudat-bundle/tudat/tudat-applications/tudat-app/tudatMatlabThrustFeedback.h: In member function ‘Eigen::Vector3d tudatThrustFeedbackMatlab::thrustFeedbackWrapper(double, unsigned int, const std::unordered_map<std::__cxx11::basic_string<char>, std::shared_ptr<tudat::simulation_setup::Body> >&)’:
/mnt/nfs/home/lpedroso/tudat-bundle/tudat/tudat-applications/tudat-app/tudatMatlabThrustFeedback.h:63:34: warning: use of old-style cast to ‘int’ [-Wold-style-cast]
   63 |         int time_instant = (int) time/epochControlUpdatePeriod_;
      |                                  ^~~~
      |                            ----------
      |                            static_cast<int> ( time)
/mnt/nfs/home/lpedroso/tudat-bundle/tudat/tudat-applications/tudat-app/tudatMatlabThrustFeedback.h: In member function ‘int tudatThrustFeedbackMatlab::establishConnectionMatlabUDP()’:
/mnt/nfs/home/lpedroso/tudat-bundle/tudat/tudat-applications/tudat-app/tudatMatlabThrustFeedback.h:149:59: warning: use of old-style cast to ‘const char*’ [-Wold-style-cast]
  149 |         const char * pingMsg =  (const char *) state.data();
      |                                                           ^
      |                                 ---------------------------
      |                                 reinterpret_cast<const char *> ( state.data())
/mnt/nfs/home/lpedroso/tudat-bundle/tudat/tudat-applications/tudat-app/tudatMatlabThrustFeedback.h:160:89: warning: use of old-style cast to ‘void*’ [-Wold-style-cast]
  160 |             int status = sendto(this->clientSocket_,  (void *)(pingMsg+numberOfBytesSent),lengthPacket,
      |                                                                                         ^
/mnt/nfs/home/lpedroso/tudat-bundle/tudat/tudat-applications/tudat-app/tudatMatlabThrustFeedback.h:161:75: warning: use of old-style cast to ‘const struct sockaddr*’ [-Wold-style-cast]
  161 |                 MSG_CONFIRM, (const struct sockaddr *) &(this->serverAddr_),
      |                                                                           ^
      |                              -
      |                              reinterpret_cast<       -
      |                                                      > (                   )
/mnt/nfs/home/lpedroso/tudat-bundle/tudat/tudat-applications/tudat-app/tudatMatlabThrustFeedback.h:170:89: warning: use of old-style cast to ‘char*’ [-Wold-style-cast]
  170 |         char * byteStream = (char *) malloc((this->numberOfSatellites_)*3*sizeof(double));
      |                                                                                         ^
      |                             --------
      |                             static_cast<char *> (                                        )
/mnt/nfs/home/lpedroso/tudat-bundle/tudat/tudat-applications/tudat-app/tudatMatlabThrustFeedback.h:173:90: warning: use of old-style cast to ‘void*’ [-Wold-style-cast]
  173 |             int n = recv(this->clientSocket_, (void *)(byteStream + numberOfBytesReceived), numberOfBytesToReceive,
      |                                                                                          ^
      |                                               --------
      |                                               static_cast<void *> (                       )
/mnt/nfs/home/lpedroso/tudat-bundle/tudat/tudat-applications/tudat-app/tudatMatlabThrustFeedback.h: In member function ‘int tudatThrustFeedbackMatlab::terminateConnectionMatlabUDP()’:
/mnt/nfs/home/lpedroso/tudat-bundle/tudat/tudat-applications/tudat-app/tudatMatlabThrustFeedback.h:194:58: warning: use of old-style cast to ‘const char*’ [-Wold-style-cast]
  194 |         const char * pingMsg = (const char *) state.data();
      |                                                          ^
      |                                ---------------------------
      |                                reinterpret_cast<const char *> ( state.data())
/mnt/nfs/home/lpedroso/tudat-bundle/tudat/tudat-applications/tudat-app/tudatMatlabThrustFeedback.h:204:85: warning: use of old-style cast to ‘void*’ [-Wold-style-cast]
  204 |             status = sendto(this->clientSocket_,  (void *)(pingMsg+numberOfBytesSent),lengthPacket,
      |                                                                                     ^
/mnt/nfs/home/lpedroso/tudat-bundle/tudat/tudat-applications/tudat-app/tudatMatlabThrustFeedback.h:205:75: warning: use of old-style cast to ‘const struct sockaddr*’ [-Wold-style-cast]
  205 |                 MSG_CONFIRM, (const struct sockaddr *) &(this->serverAddr_),
      |                                                                           ^
      |                              -
      |                              reinterpret_cast<       -
      |                                                      > (                   )
/mnt/nfs/home/lpedroso/tudat-bundle/tudat/tudat-applications/tudat-app/tudatMatlabThrustFeedback.h:198:13: warning: variable ‘status’ set but not used [-Wunused-but-set-variable]
  198 |         int status;
      |             ^~~~~~
/mnt/nfs/home/lpedroso/tudat-bundle/tudat/tudat-applications/tudat-app/tudatMatlabThrustFeedback.h: In member function ‘int tudatThrustFeedbackMatlab::getFeedback(Eigen::Matrix<double, -1, 1>*)’:
/mnt/nfs/home/lpedroso/tudat-bundle/tudat/tudat-applications/tudat-app/tudatMatlabThrustFeedback.h:223:58: warning: use of old-style cast to ‘const char*’ [-Wold-style-cast]
  223 |         const char * msgOut = (const char *) state->data();
      |                                                          ^
      |                               ----------------------------
      |                               reinterpret_cast<const char *> ( state->data())
/mnt/nfs/home/lpedroso/tudat-bundle/tudat/tudat-applications/tudat-app/tudatMatlabThrustFeedback.h:234:84: warning: use of old-style cast to ‘void*’ [-Wold-style-cast]
  234 |             status = sendto(this->clientSocket_,  (void *)(msgOut+numberOfBytesSent),lengthPacket,
      |                                                                                    ^
/mnt/nfs/home/lpedroso/tudat-bundle/tudat/tudat-applications/tudat-app/tudatMatlabThrustFeedback.h:235:75: warning: use of old-style cast to ‘const struct sockaddr*’ [-Wold-style-cast]
  235 |                 MSG_CONFIRM, (const struct sockaddr *) &(this->serverAddr_),
      |                                                                           ^
      |                              -
      |                              reinterpret_cast<       -
      |                                                      > (                   )
/mnt/nfs/home/lpedroso/tudat-bundle/tudat/tudat-applications/tudat-app/tudatMatlabThrustFeedback.h:242:89: warning: use of old-style cast to ‘char*’ [-Wold-style-cast]
  242 |         char * byteStream = (char *) malloc((this->numberOfSatellites_)*3*sizeof(double));
      |                                                                                         ^
      |                             --------
      |                             static_cast<char *> (                                        )
/mnt/nfs/home/lpedroso/tudat-bundle/tudat/tudat-applications/tudat-app/tudatMatlabThrustFeedback.h:245:90: warning: use of old-style cast to ‘void*’ [-Wold-style-cast]
  245 |             int n = recv(this->clientSocket_, (void *)(byteStream + numberOfBytesReceived), numberOfBytesToReceive,
      |                                                                                          ^
      |                                               --------
      |                                               static_cast<void *> (                       )
/mnt/nfs/home/lpedroso/tudat-bundle/tudat/tudat-applications/tudat-app/tudatMatlabThrustFeedback.h:250:45: warning: use of old-style cast to ‘double*’ [-Wold-style-cast]
  250 |         double * doubleStream = (double * ) byteStream;
      |                                             ^~~~~~~~~~
      |                                 ----------------------
      |                                 reinterpret_cast<double * > ( byteStream)
/mnt/nfs/home/lpedroso/tudat-bundle/tudat/tudat-applications/tudat-app/tudatMatlabThrustFeedback.h:228:13: warning: variable ‘status’ set but not used [-Wunused-but-set-variable]
  228 |         int status;
      |             ^~~~~~
[100%] Linking CXX executable ../../bin/tudat-app
make[3]: Leaving directory '/mnt/nfs/home/lpedroso/tudat-bundle/build'
[100%] Built target tudat-app
make[2]: Leaving directory '/mnt/nfs/home/lpedroso/tudat-bundle/build'
make[1]: Leaving directory '/mnt/nfs/home/lpedroso/tudat-bundle/build'
